[INFO] parsing STL file ./build/5AxLer...
[INFO] Triangle being parsed: 0
[INFO] Triangle vertices are:
	[0.000000,0.000000,0.000000], [0.000000, 0.000000, 0.000000], [0.000000, 0.000000, 0.000000]
[INFO] Triangle being parsed: 1
[INFO] Triangle vertices are:
	[0.000000,0.000000,0.000000], [0.000000, 0.000000, 0.000000], [0.000000, 0.000000, 0.000000]
[INFO] Triangle being parsed: 2
[INFO] Triangle vertices are:
	[0.000000,0.000000,0.000000], [0.000000, 0.000000, 0.000000], [0.000000, 0.000000, 0.000000]
[INFO] Triangle being parsed: 3
[INFO] Triangle vertices are:
	[-0.000000,0.000000,-0.000000], [0.000000, 0.000000, 0.000000], [0.000000, 0.000000, 0.000000]
[INFO] Triangle being parsed: 4
[INFO] Triangle vertices are:
	[0.000000,0.000000,0.000000], [0.000000, 0.000000, 0.000000], [0.000000, 0.000000, 0.000000]
[INFO] Triangle being parsed: 5
[INFO] Triangle vertices are:
	[0.000000,0.000000,0.000000], [0.000000, 0.000000, 0.000000], [0.000000, 0.000000, 0.000000]
[INFO] Triangle being parsed: 6
[INFO] Triangle vertices are:
	[0.000000,18070117044071811776512.000000,0.000000], [0.000000, 0.000000, 0.000000], [0.000000, 0.000000, 0.000000]
[INFO] Triangle being parsed: 7
[INFO] Triangle vertices are:
	[0.000000,0.000000,-61685912182484740603904.000000], [0.000000, 0.000000, 0.000000], [0.000000, 0.000000, 0.000000]
[INFO] Triangle being parsed: 8
[INFO] Triangle vertices are:
	[0.000000,0.000000,0.000000], [0.000000, 18070119295871625461760.000000, 0.000000], [0.000000, 0.000000, 0.000000]
[INFO] Triangle being parsed: 9
[INFO] Triangle vertices are:
	[0.000000,0.000000,0.000000], [0.000000, 0.000000, 846248073730240422294323200.000000], [0.000000, 0.000000, 302222866694634751350886887325696.000000]
[INFO] Triangle being parsed: 10
[INFO] Triangle vertices are:
	[0.000000,0.000000,0.000000], [0.000000, 0.000000, 0.000000], [0.000000, 0.000000, 0.000000]
[INFO] Triangle being parsed: 11
[INFO] Triangle vertices are:
	[-0.000000,194912094429273467562199636575780864.000000,18275888568670813864117770670135312384.000000], [-97.119308, 0.000000, 0.000000], [0.000000, 0.000000, 0.000000]
[INFO] Triangle being parsed: 12
[INFO] Triangle vertices are:
	[0.000000,0.000000,0.000000], [-72.125015, 0.000000, 0.000000], [0.000000, 0.000000, 0.000000]
[INFO] Triangle being parsed: 13
[INFO] Triangle vertices are:
	[0.000000,0.000000,0.000000], [0.000000, 0.000000, 0.000000], [0.000000, 0.000000, 0.000000]
[INFO] Triangle being parsed: 14
[INFO] Triangle vertices are:
	[0.000000,0.000000,0.000000], [0.000000, 0.000000, 0.000000], [0.000000, 0.000000, 0.000000]
[INFO] Triangle being parsed: 15
[INFO] Triangle vertices are:
	[0.000000,0.000000,0.000000], [-39728447488.000000, -138311896657410647077034762536482766848.000000, 0.000000], [0.000025, 0.000000, -13299775575848308249489120608856834048.000000]
[INFO] Triangle being parsed: 16
[INFO] Triangle vertices are:
	[37590824810033709056.000000,140.594070,-0.000000], [7547395.500000, 147764783419249175291085455360.000000, 0.000041], [-251557137996462060303355478016.000000, -590447736477385228288.000000, -6060.451660]
[INFO] Triangle being parsed: 17
[INFO] Triangle vertices are:
	[0.000000,-6286099953971857307561839411956023296.000000,2444369698526344284995584.000000], [3461154218607200539792502408335065088.000000, -1694032740534243822854864937943040.000000, -574882944321471905792.000000], [349196754634857369833570304.000000, 2715.911377, 0.000000]
[INFO] Triangle being parsed: 18
[INFO] Triangle vertices are:
	[3192638.000000,356.938934,-12360029831168.000000], [0.000000, 0.000000, 0.000000], [0.000000, 0.000000, 0.000000]
[WARNING] attempted to normalize vector of magnitude 0
