[INFO] parsing STL file ./stl/F.STL...
[INFO] Opening STL file:  Ãò­ü
[INFO] Number of triangles: 48
[INFO] Triangle being parsed: 0
[INFO] Triangle vertices are:
	[0.000000,127.000008,25.400000], [114.299995, 127.000008, 25.400000], [0.000000, 127.000008, 0.000000]
[INFO] Triangle being parsed: 1
[INFO] Triangle vertices are:
	[0.000000,127.000008,0.000000], [114.299995, 127.000008, 25.400000], [114.299995, 127.000008, 0.000000]
[INFO] Triangle being parsed: 2
[INFO] Triangle vertices are:
	[25.400002,101.599998,25.400000], [0.000000, 127.000008, 25.400000], [25.400002, 101.599998, 0.000000]
[INFO] Triangle being parsed: 3
[INFO] Triangle vertices are:
	[25.400002,101.599998,0.000000], [0.000000, 127.000008, 25.400000], [0.000000, 127.000008, 0.000000]
[INFO] Triangle being parsed: 4
[INFO] Triangle vertices are:
	[25.400002,0.000000,25.400000], [25.400002, 101.599998, 25.400000], [25.400002, 0.000000, 0.000000]
[INFO] Triangle being parsed: 5
[INFO] Triangle vertices are:
	[25.400002,0.000000,0.000000], [25.400002, 101.599998, 25.400000], [25.400002, 101.599998, 0.000000]
[INFO] Triangle being parsed: 6
[INFO] Triangle vertices are:
	[50.799999,0.000000,25.400000], [25.400002, 0.000000, 25.400000], [50.799999, 0.000000, 0.000000]
[INFO] Triangle being parsed: 7
[INFO] Triangle vertices are:
	[50.799999,0.000000,0.000000], [25.400002, 0.000000, 25.400000], [25.400002, 0.000000, 0.000000]
[INFO] Triangle being parsed: 8
[INFO] Triangle vertices are:
	[50.799999,38.100002,25.400000], [50.799999, 0.000000, 25.400000], [50.799999, 38.100002, 0.000000]
[INFO] Triangle being parsed: 9
[INFO] Triangle vertices are:
	[50.799999,38.100002,0.000000], [50.799999, 0.000000, 25.400000], [50.799999, 0.000000, 0.000000]
[INFO] Triangle being parsed: 10
[INFO] Triangle vertices are:
	[114.299995,38.100002,25.400000], [50.799999, 38.100002, 25.400000], [114.299995, 38.100002, 0.000000]
[INFO] Triangle being parsed: 11
[INFO] Triangle vertices are:
	[114.299995,38.100002,0.000000], [50.799999, 38.100002, 25.400000], [50.799999, 38.100002, 0.000000]
[INFO] Triangle being parsed: 12
[INFO] Triangle vertices are:
	[114.299995,88.900002,25.400000], [114.299995, 38.100002, 25.400000], [114.299995, 88.900002, 0.000000]
[INFO] Triangle being parsed: 13
[INFO] Triangle vertices are:
	[114.299995,88.900002,0.000000], [114.299995, 38.100002, 25.400000], [114.299995, 38.100002, 0.000000]
[INFO] Triangle being parsed: 14
[INFO] Triangle vertices are:
	[88.900002,88.900002,25.400000], [114.299995, 88.900002, 25.400000], [88.900002, 88.900002, 0.000000]
[INFO] Triangle being parsed: 15
[INFO] Triangle vertices are:
	[88.900002,88.900002,0.000000], [114.299995, 88.900002, 25.400000], [114.299995, 88.900002, 0.000000]
[INFO] Triangle being parsed: 16
[INFO] Triangle vertices are:
	[88.900002,63.500004,25.400000], [88.900002, 88.900002, 25.400000], [88.900002, 63.500004, 0.000000]
[INFO] Triangle being parsed: 17
[INFO] Triangle vertices are:
	[88.900002,63.500004,0.000000], [88.900002, 88.900002, 25.400000], [88.900002, 88.900002, 0.000000]
[INFO] Triangle being parsed: 18
[INFO] Triangle vertices are:
	[50.799999,63.500004,25.400000], [88.900002, 63.500004, 25.400000], [50.799999, 63.500004, 0.000000]
[INFO] Triangle being parsed: 19
[INFO] Triangle vertices are:
	[50.799999,63.500004,0.000000], [88.900002, 63.500004, 25.400000], [88.900002, 63.500004, 0.000000]
[INFO] Triangle being parsed: 20
[INFO] Triangle vertices are:
	[50.799999,101.599998,25.400000], [50.799999, 63.500004, 25.400000], [50.799999, 101.599998, 0.000000]
[INFO] Triangle being parsed: 21
[INFO] Triangle vertices are:
	[50.799999,101.599998,0.000000], [50.799999, 63.500004, 25.400000], [50.799999, 63.500004, 0.000000]
[INFO] Triangle being parsed: 22
[INFO] Triangle vertices are:
	[114.299995,101.599998,25.400000], [50.799999, 101.599998, 25.400000], [114.299995, 101.599998, 0.000000]
[INFO] Triangle being parsed: 23
[INFO] Triangle vertices are:
	[114.299995,101.599998,0.000000], [50.799999, 101.599998, 25.400000], [50.799999, 101.599998, 0.000000]
[INFO] Triangle being parsed: 24
[INFO] Triangle vertices are:
	[114.299995,127.000008,25.400000], [114.299995, 101.599998, 25.400000], [114.299995, 127.000008, 0.000000]
[INFO] Triangle being parsed: 25
[INFO] Triangle vertices are:
	[114.299995,127.000008,0.000000], [114.299995, 101.599998, 25.400000], [114.299995, 101.599998, 0.000000]
[INFO] Triangle being parsed: 26
[INFO] Triangle vertices are:
	[50.799999,101.599998,25.400000], [114.299995, 101.599998, 25.400000], [114.299995, 127.000008, 25.400000]
[INFO] Triangle being parsed: 27
[INFO] Triangle vertices are:
	[25.400002,0.000000,25.400000], [50.799999, 0.000000, 25.400000], [25.400002, 101.599998, 25.400000]
[INFO] Triangle being parsed: 28
[INFO] Triangle vertices are:
	[25.400002,101.599998,25.400000], [50.799999, 0.000000, 25.400000], [50.799999, 38.100002, 25.400000]
[INFO] Triangle being parsed: 29
[INFO] Triangle vertices are:
	[114.299995,127.000008,25.400000], [0.000000, 127.000008, 25.400000], [50.799999, 101.599998, 25.400000]
[INFO] Triangle being parsed: 30
[INFO] Triangle vertices are:
	[50.799999,101.599998,25.400000], [0.000000, 127.000008, 25.400000], [25.400002, 101.599998, 25.400000]
[INFO] Triangle being parsed: 31
[INFO] Triangle vertices are:
	[50.799999,101.599998,25.400000], [25.400002, 101.599998, 25.400000], [50.799999, 63.500004, 25.400000]
[INFO] Triangle being parsed: 32
[INFO] Triangle vertices are:
	[50.799999,63.500004,25.400000], [25.400002, 101.599998, 25.400000], [50.799999, 38.100002, 25.400000]
[INFO] Triangle being parsed: 33
[INFO] Triangle vertices are:
	[50.799999,63.500004,25.400000], [50.799999, 38.100002, 25.400000], [88.900002, 63.500004, 25.400000]
[INFO] Triangle being parsed: 34
[INFO] Triangle vertices are:
	[88.900002,63.500004,25.400000], [50.799999, 38.100002, 25.400000], [114.299995, 38.100002, 25.400000]
[INFO] Triangle being parsed: 35
[INFO] Triangle vertices are:
	[88.900002,63.500004,25.400000], [114.299995, 38.100002, 25.400000], [88.900002, 88.900002, 25.400000]
[INFO] Triangle being parsed: 36
[INFO] Triangle vertices are:
	[88.900002,88.900002,25.400000], [114.299995, 38.100002, 25.400000], [114.299995, 88.900002, 25.400000]
[INFO] Triangle being parsed: 37
[INFO] Triangle vertices are:
	[88.900002,88.900002,0.000000], [114.299995, 88.900002, 0.000000], [88.900002, 63.500004, 0.000000]
[INFO] Triangle being parsed: 38
[INFO] Triangle vertices are:
	[88.900002,63.500004,0.000000], [114.299995, 88.900002, 0.000000], [114.299995, 38.100002, 0.000000]
[INFO] Triangle being parsed: 39
[INFO] Triangle vertices are:
	[88.900002,63.500004,0.000000], [114.299995, 38.100002, 0.000000], [50.799999, 63.500004, 0.000000]
[INFO] Triangle being parsed: 40
[INFO] Triangle vertices are:
	[50.799999,63.500004,0.000000], [114.299995, 38.100002, 0.000000], [50.799999, 38.100002, 0.000000]
[INFO] Triangle being parsed: 41
[INFO] Triangle vertices are:
	[114.299995,127.000008,0.000000], [114.299995, 101.599998, 0.000000], [0.000000, 127.000008, 0.000000]
[INFO] Triangle being parsed: 42
[INFO] Triangle vertices are:
	[0.000000,127.000008,0.000000], [114.299995, 101.599998, 0.000000], [50.799999, 101.599998, 0.000000]
[INFO] Triangle being parsed: 43
[INFO] Triangle vertices are:
	[0.000000,127.000008,0.000000], [50.799999, 101.599998, 0.000000], [25.400002, 101.599998, 0.000000]
[INFO] Triangle being parsed: 44
[INFO] Triangle vertices are:
	[25.400002,101.599998,0.000000], [50.799999, 101.599998, 0.000000], [50.799999, 63.500004, 0.000000]
[INFO] Triangle being parsed: 45
[INFO] Triangle vertices are:
	[25.400002,101.599998,0.000000], [50.799999, 63.500004, 0.000000], [25.400002, 0.000000, 0.000000]
[INFO] Triangle being parsed: 46
[INFO] Triangle vertices are:
	[25.400002,0.000000,0.000000], [50.799999, 63.500004, 0.000000], [50.799999, 38.100002, 0.000000]
[INFO] Triangle being parsed: 47
[INFO] Triangle vertices are:
	[25.400002,0.000000,0.000000], [50.799999, 38.100002, 0.000000], [50.799999, 0.000000, 0.000000]
